<?xml version="1.0" encoding="UTF-8"?>
<!-- Generated by org.testng.reporters.JUnitReportReporter -->
<testsuite hostname="Varam-98765" failures="0" tests="1" name="com.qa.tests.ErrorValidationsTest" time="5.314" errors="0" timestamp="2025-08-02T15:24:23 IST" skipped="0">
  <testcase classname="com.qa.tests.ErrorValidationsTest" name="loginErrorValidation" time="5.314"/>
</testsuite> <!-- com.qa.tests.ErrorValidationsTest -->
