<?xml version="1.0" encoding="UTF-8"?>
<!-- Generated by org.testng.reporters.JUnitReportReporter -->
<testsuite hostname="Varam-98765" failures="0" tests="1" name="com.qa.testcomponents.ErrorValidations" time="4.331" errors="0" timestamp="2025-08-01T15:20:33 IST" skipped="0">
  <testcase classname="com.qa.testcomponents.ErrorValidations" name="submitOrder" time="4.331"/>
</testsuite> <!-- com.qa.testcomponents.ErrorValidations -->
